(2024-01-05 21:54:04) [Info]: Test handler set
(2024-01-05 21:54:04) [Info]: Chat handlers set
(2024-01-05 21:54:04) [Info]: Room handlers set
(2024-01-05 21:54:04) [Info]: Account handlers set
(2024-01-05 21:54:04) [Info]: Draw handlers set
(2024-01-05 21:54:04) [Info]: Game settings handlers set
(2024-01-05 21:54:04) [Info]: Server ready to run
(2024-01-05 21:54:22) [Info]: Player logged in as < a >
(2024-01-05 21:54:23) [Info]: new updates added
(2024-01-05 21:54:23) [Info]: new updates added
(2024-01-05 21:54:25) [Info]: new updates added
(2024-01-05 21:54:26) [Info]: new updates added
(2024-01-05 22:04:53) [Info]: Player logged in as < a >
(2024-01-05 22:04:54) [Info]: new updates added
(2024-01-05 22:04:55) [Info]: new updates added
(2024-01-06 00:45:43) [Info]: Player logged in as < a >
(2024-01-06 00:45:45) [Info]: new updates added
(2024-01-06 00:45:45) [Info]: new updates added
(2024-01-06 00:48:05) [Info]: Player logged in as < a >
(2024-01-06 01:15:51) [Info]: Player logged in as < a >
(2024-01-06 01:15:53) [Info]: new updates added
(2024-01-06 01:16:01) [Info]: Player logged in as < b >
(2024-01-06 01:16:04) [Info]: new updates added
(2024-01-06 01:16:05) [Info]: new updates added
(2024-01-06 01:16:05) [Info]: new updates added
(2024-01-06 01:17:01) [Info]: Player logged in as < a >
(2024-01-06 01:17:02) [Info]: new updates added
(2024-01-06 01:17:17) [Info]: Player logged in as < a >
(2024-01-06 01:17:19) [Info]: new updates added
